【TRACE】This Log was recorded in E:\www\bbs\phpwind_wind\wind\WBase.php on line 286 [2010-11-09 09:16]
The Detail Message:'exception 'WException' with message 'ddddd' in E:\www\bbs\phpwind_wind\demos\helloworld\index.php:21
Stack trace:
#0 E:\www\bbs\phpwind_wind\demos\helloworld\index.php(24): a()
#1 {main}
系统运行时间:0.0123s
系统运行所耗内存:318.5156byte
系统堆栈情况:
[2010-11-09 09:16:11] E:\www\bbs\phpwind_wind\demos\helloworld\index.php (line:24) a()
'

【TRACE】This Log was recorded in E:\www\bbs\phpwind_wind\wind\WBase.php on line 286 [2010-11-09 09:16]
The Detail Message:'exception 'WException' with message 'ddddd' in E:\www\bbs\phpwind_wind\demos\helloworld\index.php:21
Stack trace:
#0 E:\www\bbs\phpwind_wind\demos\helloworld\index.php(24): a()
#1 {main}
系统运行时间:0.0091s
系统运行所耗内存:318.5156byte
系统堆栈情况:
[2010-11-09 09:16:11] E:\www\bbs\phpwind_wind\demos\helloworld\index.php (line:24) a()
'

【TRACE】This Log was recorded in E:\www\bbs\phpwind_wind\wind\WBase.php on line 286 [2010-11-09 09:16]
The Detail Message:'exception 'WException' with message 'ddddd' in E:\www\bbs\phpwind_wind\demos\helloworld\index.php:21
Stack trace:
#0 E:\www\bbs\phpwind_wind\demos\helloworld\index.php(24): a()
#1 {main}
系统运行时间:0.0089s
系统运行所耗内存:318.5156byte
系统堆栈情况:
[2010-11-09 09:16:11] E:\www\bbs\phpwind_wind\demos\helloworld\index.php (line:24) a()
'

【TRACE】This Log was recorded in E:\www\bbs\phpwind_wind\wind\WBase.php on line 286 [2010-11-09 09:16]
The Detail Message:'exception 'WException' with message 'ddddd' in E:\www\bbs\phpwind_wind\demos\helloworld\index.php:21
Stack trace:
#0 E:\www\bbs\phpwind_wind\demos\helloworld\index.php(24): a()
#1 {main}
系统运行时间:0.0107s
系统运行所耗内存:318.5156byte
系统堆栈情况:
[2010-11-09 09:16:11] E:\www\bbs\phpwind_wind\demos\helloworld\index.php (line:24) a()
'

【TRACE】This Log was recorded in E:\www\bbs\phpwind_wind\wind\WBase.php on line 286 [2010-11-09 09:16]
The Detail Message:'exception 'WException' with message 'ddddd' in E:\www\bbs\phpwind_wind\demos\helloworld\index.php:21
Stack trace:
#0 E:\www\bbs\phpwind_wind\demos\helloworld\index.php(24): a()
#1 {main}
系统运行时间:0.0093s
系统运行所耗内存:318.5156byte
系统堆栈情况:
[2010-11-09 09:16:11] E:\www\bbs\phpwind_wind\demos\helloworld\index.php (line:24) a()
'

【TRACE】This Log was recorded in E:\www\bbs\phpwind_wind\wind\WBase.php on line 286 [2010-11-09 09:16]
The Detail Message:'exception 'WException' with message 'ddddd' in E:\www\bbs\phpwind_wind\demos\helloworld\index.php:21
Stack trace:
#0 E:\www\bbs\phpwind_wind\demos\helloworld\index.php(24): a()
#1 {main}
系统运行时间:0.0104s
系统运行所耗内存:318.5156byte
系统堆栈情况:
[2010-11-09 09:16:11] E:\www\bbs\phpwind_wind\demos\helloworld\index.php (line:24) a()
'

【TRACE】This Log was recorded in E:\www\bbs\phpwind_wind\wind\WBase.php on line 286 [2010-11-09 09:16]
The Detail Message:'exception 'WException' with message 'ddddd' in E:\www\bbs\phpwind_wind\demos\helloworld\index.php:21
Stack trace:
#0 E:\www\bbs\phpwind_wind\demos\helloworld\index.php(24): a()
#1 {main}
系统运行时间:0.0124s
系统运行所耗内存:318.5156byte
系统堆栈情况:
[2010-11-09 09:16:11] E:\www\bbs\phpwind_wind\demos\helloworld\index.php (line:24) a()
'

【TRACE】This Log was recorded in E:\www\bbs\phpwind_wind\wind\WBase.php on line 286 [2010-11-09 09:16]
The Detail Message:'exception 'WException' with message 'ddddd' in E:\www\bbs\phpwind_wind\demos\helloworld\index.php:21
Stack trace:
#0 E:\www\bbs\phpwind_wind\demos\helloworld\index.php(24): a()
#1 {main}
系统运行时间:0.009s
系统运行所耗内存:318.5156byte
系统堆栈情况:
[2010-11-09 09:16:11] E:\www\bbs\phpwind_wind\demos\helloworld\index.php (line:24) a()
'

【TRACE】This Log was recorded in E:\www\bbs\phpwind_wind\wind\WBase.php on line 286 [2010-11-09 09:16]
The Detail Message:'exception 'WException' with message 'ddddd' in E:\www\bbs\phpwind_wind\demos\helloworld\index.php:21
Stack trace:
#0 E:\www\bbs\phpwind_wind\demos\helloworld\index.php(24): a()
#1 {main}
系统运行时间:0.0088s
系统运行所耗内存:318.5156byte
系统堆栈情况:
[2010-11-09 09:16:11] E:\www\bbs\phpwind_wind\demos\helloworld\index.php (line:24) a()
'

【TRACE】This Log was recorded in E:\www\bbs\phpwind_wind\wind\WBase.php on line 286 [2010-11-09 09:16]
The Detail Message:'exception 'WException' with message 'ddddd' in E:\www\bbs\phpwind_wind\demos\helloworld\index.php:21
Stack trace:
#0 E:\www\bbs\phpwind_wind\demos\helloworld\index.php(24): a()
#1 {main}
系统运行时间:0.0111s
系统运行所耗内存:318.5156byte
系统堆栈情况:
[2010-11-09 09:16:11] E:\www\bbs\phpwind_wind\demos\helloworld\index.php (line:24) a()
'

【TRACE】This Log was recorded in E:\www\bbs\phpwind_wind\wind\WBase.php on line 286 [2010-11-09 09:16]
The Detail Message:'exception 'WException' with message 'ddddd' in E:\www\bbs\phpwind_wind\demos\helloworld\index.php:21
Stack trace:
#0 E:\www\bbs\phpwind_wind\demos\helloworld\index.php(24): a()
#1 {main}
系统运行时间:0.0125s
系统运行所耗内存:318.5156byte
系统堆栈情况:
[2010-11-09 09:16:11] E:\www\bbs\phpwind_wind\demos\helloworld\index.php (line:24) a()
'

【TRACE】This Log was recorded in E:\www\bbs\phpwind_wind\wind\WBase.php on line 286 [2010-11-09 09:16]
The Detail Message:'exception 'WException' with message 'ddddd' in E:\www\bbs\phpwind_wind\demos\helloworld\index.php:21
Stack trace:
#0 E:\www\bbs\phpwind_wind\demos\helloworld\index.php(24): a()
#1 {main}
系统运行时间:0.0088s
系统运行所耗内存:318.5156byte
系统堆栈情况:
[2010-11-09 09:16:11] E:\www\bbs\phpwind_wind\demos\helloworld\index.php (line:24) a()
'

【TRACE】This Log was recorded in E:\www\bbs\phpwind_wind\wind\WBase.php on line 286 [2010-11-09 09:16]
The Detail Message:'exception 'WException' with message 'ddddd' in E:\www\bbs\phpwind_wind\demos\helloworld\index.php:21
Stack trace:
#0 E:\www\bbs\phpwind_wind\demos\helloworld\index.php(24): a()
#1 {main}
系统运行时间:0.009s
系统运行所耗内存:318.5156byte
系统堆栈情况:
[2010-11-09 09:16:11] E:\www\bbs\phpwind_wind\demos\helloworld\index.php (line:24) a()
'

【TRACE】This Log was recorded in E:\www\bbs\phpwind_wind\wind\WBase.php on line 286 [2010-11-09 09:16]
The Detail Message:'exception 'WException' with message 'ddddd' in E:\www\bbs\phpwind_wind\demos\helloworld\index.php:21
Stack trace:
#0 E:\www\bbs\phpwind_wind\demos\helloworld\index.php(24): a()
#1 {main}
系统运行时间:0.0117s
系统运行所耗内存:318.5156byte
系统堆栈情况:
[2010-11-09 09:16:11] E:\www\bbs\phpwind_wind\demos\helloworld\index.php (line:24) a()
'

【TRACE】This Log was recorded in E:\www\bbs\phpwind_wind\wind\WBase.php on line 286 [2010-11-09 09:16]
The Detail Message:'exception 'WException' with message 'ddddd' in E:\www\bbs\phpwind_wind\demos\helloworld\index.php:21
Stack trace:
#0 E:\www\bbs\phpwind_wind\demos\helloworld\index.php(24): a()
#1 {main}
系统运行时间:0.0089s
系统运行所耗内存:318.5156byte
系统堆栈情况:
[2010-11-09 09:16:11] E:\www\bbs\phpwind_wind\demos\helloworld\index.php (line:24) a()
'

【TRACE】This Log was recorded in E:\www\bbs\phpwind_wind\wind\WBase.php on line 286 [2010-11-09 09:16]
The Detail Message:'exception 'WException' with message 'ddddd' in E:\www\bbs\phpwind_wind\demos\helloworld\index.php:21
Stack trace:
#0 E:\www\bbs\phpwind_wind\demos\helloworld\index.php(24): a()
#1 {main}
系统运行时间:0.0122s
系统运行所耗内存:318.5156byte
系统堆栈情况:
[2010-11-09 09:16:11] E:\www\bbs\phpwind_wind\demos\helloworld\index.php (line:24) a()
'

【TRACE】This Log was recorded in E:\www\bbs\phpwind_wind\wind\WBase.php on line 286 [2010-11-09 09:16]
The Detail Message:'exception 'WException' with message 'ddddd' in E:\www\bbs\phpwind_wind\demos\helloworld\index.php:21
Stack trace:
#0 E:\www\bbs\phpwind_wind\demos\helloworld\index.php(24): a()
#1 {main}
系统运行时间:0.0116s
系统运行所耗内存:318.5156byte
系统堆栈情况:
[2010-11-09 09:16:11] E:\www\bbs\phpwind_wind\demos\helloworld\index.php (line:24) a()
'

【TRACE】This Log was recorded in E:\www\bbs\phpwind_wind\wind\WBase.php on line 286 [2010-11-09 09:16]
The Detail Message:'exception 'WException' with message 'ddddd' in E:\www\bbs\phpwind_wind\demos\helloworld\index.php:21
Stack trace:
#0 E:\www\bbs\phpwind_wind\demos\helloworld\index.php(24): a()
#1 {main}
系统运行时间:0.0089s
系统运行所耗内存:318.5156byte
系统堆栈情况:
[2010-11-09 09:16:11] E:\www\bbs\phpwind_wind\demos\helloworld\index.php (line:24) a()
'

【TRACE】This Log was recorded in E:\www\bbs\phpwind_wind\wind\WBase.php on line 286 [2010-11-09 09:16]
The Detail Message:'exception 'WException' with message 'ddddd' in E:\www\bbs\phpwind_wind\demos\helloworld\index.php:21
Stack trace:
#0 E:\www\bbs\phpwind_wind\demos\helloworld\index.php(24): a()
#1 {main}
系统运行时间:0.0114s
系统运行所耗内存:318.5156byte
系统堆栈情况:
[2010-11-09 09:16:11] E:\www\bbs\phpwind_wind\demos\helloworld\index.php (line:24) a()
'

【TRACE】This Log was recorded in E:\www\bbs\phpwind_wind\wind\WBase.php on line 286 [2010-11-09 09:16]
The Detail Message:'exception 'WException' with message 'ddddd' in E:\www\bbs\phpwind_wind\demos\helloworld\index.php:21
Stack trace:
#0 E:\www\bbs\phpwind_wind\demos\helloworld\index.php(24): a()
#1 {main}
系统运行时间:0.0094s
系统运行所耗内存:318.5156byte
系统堆栈情况:
[2010-11-09 09:16:11] E:\www\bbs\phpwind_wind\demos\helloworld\index.php (line:24) a()
'

【TRACE】This Log was recorded in E:\www\bbs\phpwind_wind\wind\WBase.php on line 286 [2010-11-09 09:16]
The Detail Message:'exception 'WException' with message 'ddddd' in E:\www\bbs\phpwind_wind\demos\helloworld\index.php:21
Stack trace:
#0 E:\www\bbs\phpwind_wind\demos\helloworld\index.php(24): a()
#1 {main}
系统运行时间:0.011s
系统运行所耗内存:318.5156byte
系统堆栈情况:
[2010-11-09 09:16:11] E:\www\bbs\phpwind_wind\demos\helloworld\index.php (line:24) a()
'

【TRACE】This Log was recorded in E:\www\bbs\phpwind_wind\wind\WBase.php on line 286 [2010-11-09 09:16]
The Detail Message:'exception 'WException' with message 'ddddd' in E:\www\bbs\phpwind_wind\demos\helloworld\index.php:21
Stack trace:
#0 E:\www\bbs\phpwind_wind\demos\helloworld\index.php(24): a()
#1 {main}
系统运行时间:0.0091s
系统运行所耗内存:318.5156byte
系统堆栈情况:
[2010-11-09 09:16:11] E:\www\bbs\phpwind_wind\demos\helloworld\index.php (line:24) a()
'

【TRACE】This Log was recorded in E:\www\bbs\phpwind_wind\wind\WBase.php on line 286 [2010-11-09 09:16]
The Detail Message:'exception 'WException' with message 'ddddd' in E:\www\bbs\phpwind_wind\demos\helloworld\index.php:21
Stack trace:
#0 E:\www\bbs\phpwind_wind\demos\helloworld\index.php(24): a()
#1 {main}
系统运行时间:0.0114s
系统运行所耗内存:318.5156byte
系统堆栈情况:
[2010-11-09 09:16:11] E:\www\bbs\phpwind_wind\demos\helloworld\index.php (line:24) a()
'

【TRACE】This Log was recorded in E:\www\bbs\phpwind_wind\wind\WBase.php on line 286 [2010-11-09 09:16]
The Detail Message:'exception 'WException' with message 'ddddd' in E:\www\bbs\phpwind_wind\demos\helloworld\index.php:21
Stack trace:
#0 E:\www\bbs\phpwind_wind\demos\helloworld\index.php(24): a()
#1 {main}
系统运行时间:0.0128s
系统运行所耗内存:318.5156byte
系统堆栈情况:
[2010-11-09 09:16:11] E:\www\bbs\phpwind_wind\demos\helloworld\index.php (line:24) a()
'

【TRACE】This Log was recorded in E:\www\bbs\phpwind_wind\wind\WBase.php on line 286 [2010-11-09 09:16]
The Detail Message:'exception 'WException' with message 'ddddd' in E:\www\bbs\phpwind_wind\demos\helloworld\index.php:21
Stack trace:
#0 E:\www\bbs\phpwind_wind\demos\helloworld\index.php(24): a()
#1 {main}
系统运行时间:0.0089s
系统运行所耗内存:318.5156byte
系统堆栈情况:
[2010-11-09 09:16:11] E:\www\bbs\phpwind_wind\demos\helloworld\index.php (line:24) a()
'

【TRACE】This Log was recorded in E:\www\bbs\phpwind_wind\wind\WBase.php on line 286 [2010-11-09 09:16]
The Detail Message:'exception 'WException' with message 'ddddd' in E:\www\bbs\phpwind_wind\demos\helloworld\index.php:21
Stack trace:
#0 E:\www\bbs\phpwind_wind\demos\helloworld\index.php(24): a()
#1 {main}
系统运行时间:0.0108s
系统运行所耗内存:318.5156byte
系统堆栈情况:
[2010-11-09 09:16:11] E:\www\bbs\phpwind_wind\demos\helloworld\index.php (line:24) a()
'

【TRACE】This Log was recorded in E:\www\bbs\phpwind_wind\wind\WBase.php on line 286 [2010-11-09 09:16]
The Detail Message:'exception 'WException' with message 'ddddd' in E:\www\bbs\phpwind_wind\demos\helloworld\index.php:21
Stack trace:
#0 E:\www\bbs\phpwind_wind\demos\helloworld\index.php(24): a()
#1 {main}
系统运行时间:0.0099s
系统运行所耗内存:318.5156byte
系统堆栈情况:
[2010-11-09 09:16:11] E:\www\bbs\phpwind_wind\demos\helloworld\index.php (line:24) a()
'

【TRACE】This Log was recorded in E:\www\bbs\phpwind_wind\wind\WBase.php on line 286 [2010-11-09 09:16]
The Detail Message:'exception 'WException' with message 'ddddd' in E:\www\bbs\phpwind_wind\demos\helloworld\index.php:21
Stack trace:
#0 E:\www\bbs\phpwind_wind\demos\helloworld\index.php(24): a()
#1 {main}
系统运行时间:0.01s
系统运行所耗内存:318.5156byte
系统堆栈情况:
[2010-11-09 09:16:11] E:\www\bbs\phpwind_wind\demos\helloworld\index.php (line:24) a()
'

【TRACE】This Log was recorded in E:\www\bbs\phpwind_wind\wind\WBase.php on line 286 [2010-11-09 09:16]
The Detail Message:'exception 'WException' with message 'ddddd' in E:\www\bbs\phpwind_wind\demos\helloworld\index.php:21
Stack trace:
#0 E:\www\bbs\phpwind_wind\demos\helloworld\index.php(24): a()
#1 {main}
系统运行时间:0.0089s
系统运行所耗内存:318.5156byte
系统堆栈情况:
[2010-11-09 09:16:11] E:\www\bbs\phpwind_wind\demos\helloworld\index.php (line:24) a()
'

【TRACE】This Log was recorded in E:\www\bbs\phpwind_wind\wind\WBase.php on line 286 [2010-11-09 09:16]
The Detail Message:'exception 'WException' with message 'ddddd' in E:\www\bbs\phpwind_wind\demos\helloworld\index.php:21
Stack trace:
#0 E:\www\bbs\phpwind_wind\demos\helloworld\index.php(24): a()
#1 {main}
系统运行时间:0.0111s
系统运行所耗内存:318.5156byte
系统堆栈情况:
[2010-11-09 09:16:11] E:\www\bbs\phpwind_wind\demos\helloworld\index.php (line:24) a()
'

【TRACE】This Log was recorded in E:\www\bbs\phpwind_wind\wind\WBase.php on line 286 [2010-11-09 09:16]
The Detail Message:'exception 'WException' with message 'ddddd' in E:\www\bbs\phpwind_wind\demos\helloworld\index.php:21
Stack trace:
#0 E:\www\bbs\phpwind_wind\demos\helloworld\index.php(24): a()
#1 {main}
系统运行时间:0.0092s
系统运行所耗内存:318.5156byte
系统堆栈情况:
[2010-11-09 09:16:11] E:\www\bbs\phpwind_wind\demos\helloworld\index.php (line:24) a()
'

【TRACE】This Log was recorded in E:\www\bbs\phpwind_wind\wind\WBase.php on line 286 [2010-11-09 09:16]
The Detail Message:'exception 'WException' with message 'ddddd' in E:\www\bbs\phpwind_wind\demos\helloworld\index.php:21
Stack trace:
#0 E:\www\bbs\phpwind_wind\demos\helloworld\index.php(24): a()
#1 {main}
系统运行时间:0.0106s
系统运行所耗内存:318.5156byte
系统堆栈情况:
[2010-11-09 09:16:11] E:\www\bbs\phpwind_wind\demos\helloworld\index.php (line:24) a()
'

【TRACE】This Log was recorded in E:\www\bbs\phpwind_wind\wind\WBase.php on line 286 [2010-11-09 09:16]
The Detail Message:'exception 'WException' with message 'ddddd' in E:\www\bbs\phpwind_wind\demos\helloworld\index.php:21
Stack trace:
#0 E:\www\bbs\phpwind_wind\demos\helloworld\index.php(24): a()
#1 {main}
系统运行时间:0.0091s
系统运行所耗内存:318.5156byte
系统堆栈情况:
[2010-11-09 09:16:11] E:\www\bbs\phpwind_wind\demos\helloworld\index.php (line:24) a()
'

【TRACE】This Log was recorded in E:\www\bbs\phpwind_wind\wind\WBase.php on line 286 [2010-11-09 09:16]
The Detail Message:'exception 'WException' with message 'ddddd' in E:\www\bbs\phpwind_wind\demos\helloworld\index.php:21
Stack trace:
#0 E:\www\bbs\phpwind_wind\demos\helloworld\index.php(24): a()
#1 {main}
系统运行时间:0.0087s
系统运行所耗内存:318.5156byte
系统堆栈情况:
[2010-11-09 09:16:11] E:\www\bbs\phpwind_wind\demos\helloworld\index.php (line:24) a()
'

【TRACE】This Log was recorded in E:\www\bbs\phpwind_wind\wind\WBase.php on line 286 [2010-11-09 09:16]
The Detail Message:'exception 'WException' with message 'ddddd' in E:\www\bbs\phpwind_wind\demos\helloworld\index.php:21
Stack trace:
#0 E:\www\bbs\phpwind_wind\demos\helloworld\index.php(24): a()
#1 {main}
系统运行时间:0.0136s
系统运行所耗内存:318.5156byte
系统堆栈情况:
[2010-11-09 09:16:11] E:\www\bbs\phpwind_wind\demos\helloworld\index.php (line:24) a()
'

【TRACE】This Log was recorded in E:\www\bbs\phpwind_wind\wind\WBase.php on line 286 [2010-11-09 09:16]
The Detail Message:'exception 'WException' with message 'ddddd' in E:\www\bbs\phpwind_wind\demos\helloworld\index.php:21
Stack trace:
#0 E:\www\bbs\phpwind_wind\demos\helloworld\index.php(24): a()
#1 {main}
系统运行时间:0.011s
系统运行所耗内存:318.5156byte
系统堆栈情况:
[2010-11-09 09:16:11] E:\www\bbs\phpwind_wind\demos\helloworld\index.php (line:24) a()
'

【TRACE】This Log was recorded in E:\www\bbs\phpwind_wind\wind\WBase.php on line 286 [2010-11-09 09:16]
The Detail Message:'exception 'WException' with message 'ddddd' in E:\www\bbs\phpwind_wind\demos\helloworld\index.php:21
Stack trace:
#0 E:\www\bbs\phpwind_wind\demos\helloworld\index.php(24): a()
#1 {main}
系统运行时间:0.0111s
系统运行所耗内存:318.5156byte
系统堆栈情况:
[2010-11-09 09:16:11] E:\www\bbs\phpwind_wind\demos\helloworld\index.php (line:24) a()
'

【TRACE】This Log was recorded in E:\www\bbs\phpwind_wind\wind\WBase.php on line 286 [2010-11-09 09:16]
The Detail Message:'exception 'WException' with message 'ddddd' in E:\www\bbs\phpwind_wind\demos\helloworld\index.php:21
Stack trace:
#0 E:\www\bbs\phpwind_wind\demos\helloworld\index.php(24): a()
#1 {main}
系统运行时间:0.0107s
系统运行所耗内存:318.5156byte
系统堆栈情况:
[2010-11-09 09:16:11] E:\www\bbs\phpwind_wind\demos\helloworld\index.php (line:24) a()
'

【TRACE】This Log was recorded in E:\www\bbs\phpwind_wind\wind\WBase.php on line 286 [2010-11-09 09:16]
The Detail Message:'exception 'WException' with message 'ddddd' in E:\www\bbs\phpwind_wind\demos\helloworld\index.php:21
Stack trace:
#0 E:\www\bbs\phpwind_wind\demos\helloworld\index.php(24): a()
#1 {main}
系统运行时间:0.0098s
系统运行所耗内存:318.5156byte
系统堆栈情况:
[2010-11-09 09:16:11] E:\www\bbs\phpwind_wind\demos\helloworld\index.php (line:24) a()
'

【TRACE】This Log was recorded in E:\www\bbs\phpwind_wind\wind\WBase.php on line 286 [2010-11-09 09:16]
The Detail Message:'exception 'WException' with message 'ddddd' in E:\www\bbs\phpwind_wind\demos\helloworld\index.php:21
Stack trace:
#0 E:\www\bbs\phpwind_wind\demos\helloworld\index.php(24): a()
#1 {main}
系统运行时间:0.0089s
系统运行所耗内存:318.5156byte
系统堆栈情况:
[2010-11-09 09:16:11] E:\www\bbs\phpwind_wind\demos\helloworld\index.php (line:24) a()
'

【TRACE】This Log was recorded in E:\www\bbs\phpwind_wind\wind\WBase.php on line 286 [2010-11-09 09:16]
The Detail Message:'exception 'WException' with message 'ddddd' in E:\www\bbs\phpwind_wind\demos\helloworld\index.php:21
Stack trace:
#0 E:\www\bbs\phpwind_wind\demos\helloworld\index.php(24): a()
#1 {main}
系统运行时间:0.0113s
系统运行所耗内存:318.5156byte
系统堆栈情况:
[2010-11-09 09:16:11] E:\www\bbs\phpwind_wind\demos\helloworld\index.php (line:24) a()
'

【TRACE】This Log was recorded in E:\www\bbs\phpwind_wind\wind\WBase.php on line 286 [2010-11-09 09:16]
The Detail Message:'exception 'WException' with message 'ddddd' in E:\www\bbs\phpwind_wind\demos\helloworld\index.php:21
Stack trace:
#0 E:\www\bbs\phpwind_wind\demos\helloworld\index.php(24): a()
#1 {main}
系统运行时间:0.0087s
系统运行所耗内存:318.5156byte
系统堆栈情况:
[2010-11-09 09:16:11] E:\www\bbs\phpwind_wind\demos\helloworld\index.php (line:24) a()
'

【TRACE】This Log was recorded in E:\www\bbs\phpwind_wind\wind\WBase.php on line 286 [2010-11-09 09:16]
The Detail Message:'exception 'WException' with message 'ddddd' in E:\www\bbs\phpwind_wind\demos\helloworld\index.php:21
Stack trace:
#0 E:\www\bbs\phpwind_wind\demos\helloworld\index.php(24): a()
#1 {main}
系统运行时间:0.0114s
系统运行所耗内存:318.5156byte
系统堆栈情况:
[2010-11-09 09:16:11] E:\www\bbs\phpwind_wind\demos\helloworld\index.php (line:24) a()
'

【TRACE】This Log was recorded in E:\www\bbs\phpwind_wind\wind\WBase.php on line 286 [2010-11-09 09:16]
The Detail Message:'exception 'WException' with message 'ddddd' in E:\www\bbs\phpwind_wind\demos\helloworld\index.php:21
Stack trace:
#0 E:\www\bbs\phpwind_wind\demos\helloworld\index.php(24): a()
#1 {main}
系统运行时间:0.0092s
系统运行所耗内存:318.5156byte
系统堆栈情况:
[2010-11-09 09:16:11] E:\www\bbs\phpwind_wind\demos\helloworld\index.php (line:24) a()
'

【TRACE】This Log was recorded in E:\www\bbs\phpwind_wind\wind\WBase.php on line 286 [2010-11-09 09:16]
The Detail Message:'exception 'WException' with message 'ddddd' in E:\www\bbs\phpwind_wind\demos\helloworld\index.php:21
Stack trace:
#0 E:\www\bbs\phpwind_wind\demos\helloworld\index.php(24): a()
#1 {main}
系统运行时间:0.0117s
系统运行所耗内存:318.5156byte
系统堆栈情况:
[2010-11-09 09:16:11] E:\www\bbs\phpwind_wind\demos\helloworld\index.php (line:24) a()
'

【TRACE】This Log was recorded in E:\www\bbs\phpwind_wind\wind\WBase.php on line 286 [2010-11-09 09:16]
The Detail Message:'exception 'WException' with message 'ddddd' in E:\www\bbs\phpwind_wind\demos\helloworld\index.php:21
Stack trace:
#0 E:\www\bbs\phpwind_wind\demos\helloworld\index.php(24): a()
#1 {main}
系统运行时间:0.0093s
系统运行所耗内存:318.5156byte
系统堆栈情况:
[2010-11-09 09:16:11] E:\www\bbs\phpwind_wind\demos\helloworld\index.php (line:24) a()
'

【TRACE】This Log was recorded in E:\www\bbs\phpwind_wind\wind\WBase.php on line 286 [2010-11-09 09:16]
The Detail Message:'exception 'WException' with message 'ddddd' in E:\www\bbs\phpwind_wind\demos\helloworld\index.php:21
Stack trace:
#0 E:\www\bbs\phpwind_wind\demos\helloworld\index.php(24): a()
#1 {main}
系统运行时间:0.0107s
系统运行所耗内存:318.5156byte
系统堆栈情况:
[2010-11-09 09:16:11] E:\www\bbs\phpwind_wind\demos\helloworld\index.php (line:24) a()
'

【TRACE】This Log was recorded in E:\www\bbs\phpwind_wind\wind\WBase.php on line 286 [2010-11-09 09:16]
The Detail Message:'exception 'WException' with message 'ddddd' in E:\www\bbs\phpwind_wind\demos\helloworld\index.php:21
Stack trace:
#0 E:\www\bbs\phpwind_wind\demos\helloworld\index.php(24): a()
#1 {main}
系统运行时间:0.0094s
系统运行所耗内存:318.5156byte
系统堆栈情况:
[2010-11-09 09:16:11] E:\www\bbs\phpwind_wind\demos\helloworld\index.php (line:24) a()
'

【TRACE】This Log was recorded in E:\www\bbs\phpwind_wind\wind\WBase.php on line 286 [2010-11-09 09:16]
The Detail Message:'exception 'WException' with message 'ddddd' in E:\www\bbs\phpwind_wind\demos\helloworld\index.php:21
Stack trace:
#0 E:\www\bbs\phpwind_wind\demos\helloworld\index.php(24): a()
#1 {main}
系统运行时间:0.0114s
系统运行所耗内存:318.5156byte
系统堆栈情况:
[2010-11-09 09:16:11] E:\www\bbs\phpwind_wind\demos\helloworld\index.php (line:24) a()
'

【TRACE】This Log was recorded in E:\www\bbs\phpwind_wind\wind\WBase.php on line 286 [2010-11-09 09:16]
The Detail Message:'exception 'WException' with message 'ddddd' in E:\www\bbs\phpwind_wind\demos\helloworld\index.php:21
Stack trace:
#0 E:\www\bbs\phpwind_wind\demos\helloworld\index.php(24): a()
#1 {main}
系统运行时间:0.0113s
系统运行所耗内存:318.5156byte
系统堆栈情况:
[2010-11-09 09:16:11] E:\www\bbs\phpwind_wind\demos\helloworld\index.php (line:24) a()
'

【TRACE】This Log was recorded in E:\www\bbs\phpwind_wind\wind\WBase.php on line 286 [2010-11-09 09:16]
The Detail Message:'exception 'WException' with message 'ddddd' in E:\www\bbs\phpwind_wind\demos\helloworld\index.php:21
Stack trace:
#0 E:\www\bbs\phpwind_wind\demos\helloworld\index.php(24): a()
#1 {main}
系统运行时间:0.009s
系统运行所耗内存:318.5156byte
系统堆栈情况:
[2010-11-09 09:16:11] E:\www\bbs\phpwind_wind\demos\helloworld\index.php (line:24) a()
'

【TRACE】This Log was recorded in E:\www\bbs\phpwind_wind\wind\WBase.php on line 286 [2010-11-09 09:16]
The Detail Message:'exception 'WException' with message 'ddddd' in E:\www\bbs\phpwind_wind\demos\helloworld\index.php:21
Stack trace:
#0 E:\www\bbs\phpwind_wind\demos\helloworld\index.php(24): a()
#1 {main}
系统运行时间:0.0113s
系统运行所耗内存:318.5156byte
系统堆栈情况:
[2010-11-09 09:16:11] E:\www\bbs\phpwind_wind\demos\helloworld\index.php (line:24) a()
'

【TRACE】This Log was recorded in E:\www\bbs\phpwind_wind\wind\WBase.php on line 286 [2010-11-09 09:16]
The Detail Message:'exception 'WException' with message 'ddddd' in E:\www\bbs\phpwind_wind\demos\helloworld\index.php:21
Stack trace:
#0 E:\www\bbs\phpwind_wind\demos\helloworld\index.php(24): a()
#1 {main}
系统运行时间:0.0088s
系统运行所耗内存:318.5156byte
系统堆栈情况:
[2010-11-09 09:16:11] E:\www\bbs\phpwind_wind\demos\helloworld\index.php (line:24) a()
'

【TRACE】This Log was recorded in E:\www\bbs\phpwind_wind\wind\WBase.php on line 286 [2010-11-09 09:16]
The Detail Message:'exception 'WException' with message 'ddddd' in E:\www\bbs\phpwind_wind\demos\helloworld\index.php:21
Stack trace:
#0 E:\www\bbs\phpwind_wind\demos\helloworld\index.php(24): a()
#1 {main}
系统运行时间:0.0107s
系统运行所耗内存:318.5156byte
系统堆栈情况:
[2010-11-09 09:16:11] E:\www\bbs\phpwind_wind\demos\helloworld\index.php (line:24) a()
'

【TRACE】This Log was recorded in E:\www\bbs\phpwind_wind\wind\WBase.php on line 286 [2010-11-09 09:16]
The Detail Message:'exception 'WException' with message 'ddddd' in E:\www\bbs\phpwind_wind\demos\helloworld\index.php:21
Stack trace:
#0 E:\www\bbs\phpwind_wind\demos\helloworld\index.php(24): a()
#1 {main}
系统运行时间:0.0093s
系统运行所耗内存:318.5156byte
系统堆栈情况:
[2010-11-09 09:16:11] E:\www\bbs\phpwind_wind\demos\helloworld\index.php (line:24) a()
'

【TRACE】This Log was recorded in E:\www\bbs\phpwind_wind\wind\WBase.php on line 286 [2010-11-09 09:16]
The Detail Message:'exception 'WException' with message 'ddddd' in E:\www\bbs\phpwind_wind\demos\helloworld\index.php:21
Stack trace:
#0 E:\www\bbs\phpwind_wind\demos\helloworld\index.php(24): a()
#1 {main}
系统运行时间:0.0112s
系统运行所耗内存:318.5156byte
系统堆栈情况:
[2010-11-09 09:16:11] E:\www\bbs\phpwind_wind\demos\helloworld\index.php (line:24) a()
'

【TRACE】This Log was recorded in E:\www\bbs\phpwind_wind\wind\WBase.php on line 286 [2010-11-09 09:16]
The Detail Message:'exception 'WException' with message 'ddddd' in E:\www\bbs\phpwind_wind\demos\helloworld\index.php:21
Stack trace:
#0 E:\www\bbs\phpwind_wind\demos\helloworld\index.php(24): a()
#1 {main}
系统运行时间:0.0124s
系统运行所耗内存:318.5156byte
系统堆栈情况:
[2010-11-09 09:16:11] E:\www\bbs\phpwind_wind\demos\helloworld\index.php (line:24) a()
'

【TRACE】This Log was recorded in E:\www\bbs\phpwind_wind\wind\WBase.php on line 286 [2010-11-09 09:16]
The Detail Message:'exception 'WException' with message 'ddddd' in E:\www\bbs\phpwind_wind\demos\helloworld\index.php:21
Stack trace:
#0 E:\www\bbs\phpwind_wind\demos\helloworld\index.php(24): a()
#1 {main}
系统运行时间:0.0116s
系统运行所耗内存:318.5156byte
系统堆栈情况:
[2010-11-09 09:16:11] E:\www\bbs\phpwind_wind\demos\helloworld\index.php (line:24) a()
'

【TRACE】This Log was recorded in E:\www\bbs\phpwind_wind\wind\WBase.php on line 286 [2010-11-09 09:16]
The Detail Message:'exception 'WException' with message 'ddddd' in E:\www\bbs\phpwind_wind\demos\helloworld\index.php:21
Stack trace:
#0 E:\www\bbs\phpwind_wind\demos\helloworld\index.php(24): a()
#1 {main}
系统运行时间:0.0118s
系统运行所耗内存:318.5156byte
系统堆栈情况:
[2010-11-09 09:16:11] E:\www\bbs\phpwind_wind\demos\helloworld\index.php (line:24) a()
'

【TRACE】This Log was recorded in E:\www\bbs\phpwind_wind\wind\WBase.php on line 286 [2010-11-09 09:16]
The Detail Message:'exception 'WException' with message 'ddddd' in E:\www\bbs\phpwind_wind\demos\helloworld\index.php:21
Stack trace:
#0 E:\www\bbs\phpwind_wind\demos\helloworld\index.php(24): a()
#1 {main}
系统运行时间:0.0095s
系统运行所耗内存:318.5156byte
系统堆栈情况:
[2010-11-09 09:16:11] E:\www\bbs\phpwind_wind\demos\helloworld\index.php (line:24) a()
'

【TRACE】This Log was recorded in E:\www\bbs\phpwind_wind\wind\WBase.php on line 286 [2010-11-09 09:16]
The Detail Message:'exception 'WException' with message 'ddddd' in E:\www\bbs\phpwind_wind\demos\helloworld\index.php:21
Stack trace:
#0 E:\www\bbs\phpwind_wind\demos\helloworld\index.php(24): a()
#1 {main}
系统运行时间:0.009s
系统运行所耗内存:318.5156byte
系统堆栈情况:
[2010-11-09 09:16:11] E:\www\bbs\phpwind_wind\demos\helloworld\index.php (line:24) a()
'

【TRACE】This Log was recorded in E:\www\bbs\phpwind_wind\wind\WBase.php on line 286 [2010-11-09 09:16]
The Detail Message:'exception 'WException' with message 'ddddd' in E:\www\bbs\phpwind_wind\demos\helloworld\index.php:21
Stack trace:
#0 E:\www\bbs\phpwind_wind\demos\helloworld\index.php(24): a()
#1 {main}
系统运行时间:0.0105s
系统运行所耗内存:318.5156byte
系统堆栈情况:
[2010-11-09 09:16:11] E:\www\bbs\phpwind_wind\demos\helloworld\index.php (line:24) a()
'

【TRACE】This Log was recorded in E:\www\bbs\phpwind_wind\wind\WBase.php on line 286 [2010-11-09 09:16]
The Detail Message:'exception 'WException' with message 'ddddd' in E:\www\bbs\phpwind_wind\demos\helloworld\index.php:21
Stack trace:
#0 E:\www\bbs\phpwind_wind\demos\helloworld\index.php(24): a()
#1 {main}
系统运行时间:0.009s
系统运行所耗内存:318.5156byte
系统堆栈情况:
[2010-11-09 09:16:11] E:\www\bbs\phpwind_wind\demos\helloworld\index.php (line:24) a()
'

【TRACE】This Log was recorded in E:\www\bbs\phpwind_wind\wind\WBase.php on line 286 [2010-11-09 09:16]
The Detail Message:'exception 'WException' with message 'ddddd' in E:\www\bbs\phpwind_wind\demos\helloworld\index.php:21
Stack trace:
#0 E:\www\bbs\phpwind_wind\demos\helloworld\index.php(24): a()
#1 {main}
系统运行时间:0.0113s
系统运行所耗内存:318.5156byte
系统堆栈情况:
[2010-11-09 09:16:11] E:\www\bbs\phpwind_wind\demos\helloworld\index.php (line:24) a()
'

【TRACE】This Log was recorded in E:\www\bbs\phpwind_wind\wind\WBase.php on line 286 [2010-11-09 09:16]
The Detail Message:'exception 'WException' with message 'ddddd' in E:\www\bbs\phpwind_wind\demos\helloworld\index.php:21
Stack trace:
#0 E:\www\bbs\phpwind_wind\demos\helloworld\index.php(24): a()
#1 {main}
系统运行时间:0.0091s
系统运行所耗内存:318.5156byte
系统堆栈情况:
[2010-11-09 09:16:11] E:\www\bbs\phpwind_wind\demos\helloworld\index.php (line:24) a()
'

【TRACE】This Log was recorded in E:\www\bbs\phpwind_wind\wind\WBase.php on line 286 [2010-11-09 09:16]
The Detail Message:'exception 'WException' with message 'ddddd' in E:\www\bbs\phpwind_wind\demos\helloworld\index.php:21
Stack trace:
#0 E:\www\bbs\phpwind_wind\demos\helloworld\index.php(24): a()
#1 {main}
系统运行时间:0.011s
系统运行所耗内存:318.5156byte
系统堆栈情况:
[2010-11-09 09:16:11] E:\www\bbs\phpwind_wind\demos\helloworld\index.php (line:24) a()
'

【TRACE】This Log was recorded in E:\www\bbs\phpwind_wind\wind\WBase.php on line 286 [2010-11-09 09:16]
The Detail Message:'exception 'WException' with message 'ddddd' in E:\www\bbs\phpwind_wind\demos\helloworld\index.php:21
Stack trace:
#0 E:\www\bbs\phpwind_wind\demos\helloworld\index.php(24): a()
#1 {main}
系统运行时间:0.0125s
系统运行所耗内存:318.5156byte
系统堆栈情况:
[2010-11-09 09:16:11] E:\www\bbs\phpwind_wind\demos\helloworld\index.php (line:24) a()
'

【TRACE】This Log was recorded in E:\www\bbs\phpwind_wind\wind\WBase.php on line 286 [2010-11-09 09:16]
The Detail Message:'exception 'WException' with message 'ddddd' in E:\www\bbs\phpwind_wind\demos\helloworld\index.php:21
Stack trace:
#0 E:\www\bbs\phpwind_wind\demos\helloworld\index.php(24): a()
#1 {main}
系统运行时间:0.0089s
系统运行所耗内存:318.5156byte
系统堆栈情况:
[2010-11-09 09:16:11] E:\www\bbs\phpwind_wind\demos\helloworld\index.php (line:24) a()
'

【TRACE】This Log was recorded in E:\www\bbs\phpwind_wind\wind\WBase.php on line 286 [2010-11-09 09:16]
The Detail Message:'exception 'WException' with message 'ddddd' in E:\www\bbs\phpwind_wind\demos\helloworld\index.php:21
Stack trace:
#0 E:\www\bbs\phpwind_wind\demos\helloworld\index.php(24): a()
#1 {main}
系统运行时间:0.0101s
系统运行所耗内存:318.5156byte
系统堆栈情况:
[2010-11-09 09:16:11] E:\www\bbs\phpwind_wind\demos\helloworld\index.php (line:24) a()
'

【TRACE】This Log was recorded in E:\www\bbs\phpwind_wind\wind\WBase.php on line 286 [2010-11-09 09:16]
The Detail Message:'exception 'WException' with message 'ddddd' in E:\www\bbs\phpwind_wind\demos\helloworld\index.php:21
Stack trace:
#0 E:\www\bbs\phpwind_wind\demos\helloworld\index.php(24): a()
#1 {main}
系统运行时间:0.011s
系统运行所耗内存:318.5156byte
系统堆栈情况:
[2010-11-09 09:16:11] E:\www\bbs\phpwind_wind\demos\helloworld\index.php (line:24) a()
'

【TRACE】This Log was recorded in E:\www\bbs\phpwind_wind\wind\WBase.php on line 286 [2010-11-09 09:16]
The Detail Message:'exception 'WException' with message 'ddddd' in E:\www\bbs\phpwind_wind\demos\helloworld\index.php:21
Stack trace:
#0 E:\www\bbs\phpwind_wind\demos\helloworld\index.php(24): a()
#1 {main}
系统运行时间:0.0114s
系统运行所耗内存:318.5156byte
系统堆栈情况:
[2010-11-09 09:16:11] E:\www\bbs\phpwind_wind\demos\helloworld\index.php (line:24) a()
'

【TRACE】This Log was recorded in E:\www\bbs\phpwind_wind\wind\WBase.php on line 286 [2010-11-09 09:16]
The Detail Message:'exception 'WException' with message 'ddddd' in E:\www\bbs\phpwind_wind\demos\helloworld\index.php:21
Stack trace:
#0 E:\www\bbs\phpwind_wind\demos\helloworld\index.php(24): a()
#1 {main}
系统运行时间:0.011s
系统运行所耗内存:318.5156byte
系统堆栈情况:
[2010-11-09 09:16:11] E:\www\bbs\phpwind_wind\demos\helloworld\index.php (line:24) a()
'

【TRACE】This Log was recorded in E:\www\bbs\phpwind_wind\wind\WBase.php on line 286 [2010-11-09 09:16]
The Detail Message:'exception 'WException' with message 'ddddd' in E:\www\bbs\phpwind_wind\demos\helloworld\index.php:21
Stack trace:
#0 E:\www\bbs\phpwind_wind\demos\helloworld\index.php(24): a()
#1 {main}
系统运行时间:0.01s
系统运行所耗内存:318.5156byte
系统堆栈情况:
[2010-11-09 09:16:11] E:\www\bbs\phpwind_wind\demos\helloworld\index.php (line:24) a()
'

【TRACE】This Log was recorded in E:\www\bbs\phpwind_wind\wind\WBase.php on line 286 [2010-11-09 09:16]
The Detail Message:'exception 'WException' with message 'ddddd' in E:\www\bbs\phpwind_wind\demos\helloworld\index.php:21
Stack trace:
#0 E:\www\bbs\phpwind_wind\demos\helloworld\index.php(24): a()
#1 {main}
系统运行时间:0.0087s
系统运行所耗内存:318.5156byte
系统堆栈情况:
[2010-11-09 09:16:11] E:\www\bbs\phpwind_wind\demos\helloworld\index.php (line:24) a()
'

【TRACE】This Log was recorded in E:\www\bbs\phpwind_wind\wind\WBase.php on line 286 [2010-11-09 09:16]
The Detail Message:'exception 'WException' with message 'ddddd' in E:\www\bbs\phpwind_wind\demos\helloworld\index.php:21
Stack trace:
#0 E:\www\bbs\phpwind_wind\demos\helloworld\index.php(24): a()
#1 {main}
系统运行时间:0.0111s
系统运行所耗内存:318.5156byte
系统堆栈情况:
[2010-11-09 09:16:11] E:\www\bbs\phpwind_wind\demos\helloworld\index.php (line:24) a()
'

【TRACE】This Log was recorded in E:\www\bbs\phpwind_wind\wind\WBase.php on line 286 [2010-11-09 09:16]
The Detail Message:'exception 'WException' with message 'ddddd' in E:\www\bbs\phpwind_wind\demos\helloworld\index.php:21
Stack trace:
#0 E:\www\bbs\phpwind_wind\demos\helloworld\index.php(24): a()
#1 {main}
系统运行时间:0.01s
系统运行所耗内存:318.5156byte
系统堆栈情况:
[2010-11-09 09:16:11] E:\www\bbs\phpwind_wind\demos\helloworld\index.php (line:24) a()
'

【TRACE】This Log was recorded in E:\www\bbs\phpwind_wind\wind\WBase.php on line 286 [2010-11-09 09:16]
The Detail Message:'exception 'WException' with message 'ddddd' in E:\www\bbs\phpwind_wind\demos\helloworld\index.php:21
Stack trace:
#0 E:\www\bbs\phpwind_wind\demos\helloworld\index.php(24): a()
#1 {main}
系统运行时间:0.0114s
系统运行所耗内存:318.5156byte
系统堆栈情况:
[2010-11-09 09:16:11] E:\www\bbs\phpwind_wind\demos\helloworld\index.php (line:24) a()
'

【TRACE】This Log was recorded in E:\www\bbs\phpwind_wind\wind\WBase.php on line 286 [2010-11-09 09:16]
The Detail Message:'exception 'WException' with message 'ddddd' in E:\www\bbs\phpwind_wind\demos\helloworld\index.php:21
Stack trace:
#0 E:\www\bbs\phpwind_wind\demos\helloworld\index.php(24): a()
#1 {main}
系统运行时间:0.0126s
系统运行所耗内存:318.5156byte
系统堆栈情况:
[2010-11-09 09:16:11] E:\www\bbs\phpwind_wind\demos\helloworld\index.php (line:24) a()
'

【TRACE】This Log was recorded in E:\www\bbs\phpwind_wind\wind\WBase.php on line 286 [2010-11-09 09:16]
The Detail Message:'exception 'WException' with message 'ddddd' in E:\www\bbs\phpwind_wind\demos\helloworld\index.php:21
Stack trace:
#0 E:\www\bbs\phpwind_wind\demos\helloworld\index.php(24): a()
#1 {main}
系统运行时间:0.0091s
系统运行所耗内存:318.5156byte
系统堆栈情况:
[2010-11-09 09:16:11] E:\www\bbs\phpwind_wind\demos\helloworld\index.php (line:24) a()
'

【TRACE】This Log was recorded in E:\www\bbs\phpwind_wind\wind\WBase.php on line 286 [2010-11-09 09:16]
The Detail Message:'exception 'WException' with message 'ddddd' in E:\www\bbs\phpwind_wind\demos\helloworld\index.php:21
Stack trace:
#0 E:\www\bbs\phpwind_wind\demos\helloworld\index.php(24): a()
#1 {main}
系统运行时间:0.0094s
系统运行所耗内存:318.5156byte
系统堆栈情况:
[2010-11-09 09:16:11] E:\www\bbs\phpwind_wind\demos\helloworld\index.php (line:24) a()
'

【TRACE】This Log was recorded in E:\www\bbs\phpwind_wind\wind\WBase.php on line 286 [2010-11-09 09:16]
The Detail Message:'exception 'WException' with message 'ddddd' in E:\www\bbs\phpwind_wind\demos\helloworld\index.php:21
Stack trace:
#0 E:\www\bbs\phpwind_wind\demos\helloworld\index.php(24): a()
#1 {main}
系统运行时间:0.0113s
系统运行所耗内存:318.5156byte
系统堆栈情况:
[2010-11-09 09:16:11] E:\www\bbs\phpwind_wind\demos\helloworld\index.php (line:24) a()
'

【TRACE】This Log was recorded in E:\www\bbs\phpwind_wind\wind\WBase.php on line 286 [2010-11-09 09:16]
The Detail Message:'exception 'WException' with message 'ddddd' in E:\www\bbs\phpwind_wind\demos\helloworld\index.php:21
Stack trace:
#0 E:\www\bbs\phpwind_wind\demos\helloworld\index.php(24): a()
#1 {main}
系统运行时间:0.009s
系统运行所耗内存:318.5156byte
系统堆栈情况:
[2010-11-09 09:16:11] E:\www\bbs\phpwind_wind\demos\helloworld\index.php (line:24) a()
'

【TRACE】This Log was recorded in E:\www\bbs\phpwind_wind\wind\WBase.php on line 286 [2010-11-09 09:16]
The Detail Message:'exception 'WException' with message 'ddddd' in E:\www\bbs\phpwind_wind\demos\helloworld\index.php:21
Stack trace:
#0 E:\www\bbs\phpwind_wind\demos\helloworld\index.php(24): a()
#1 {main}
系统运行时间:0.0106s
系统运行所耗内存:318.5156byte
系统堆栈情况:
[2010-11-09 09:16:11] E:\www\bbs\phpwind_wind\demos\helloworld\index.php (line:24) a()
'

【TRACE】This Log was recorded in E:\www\bbs\phpwind_wind\wind\WBase.php on line 286 [2010-11-09 09:16]
The Detail Message:'exception 'WException' with message 'ddddd' in E:\www\bbs\phpwind_wind\demos\helloworld\index.php:21
Stack trace:
#0 E:\www\bbs\phpwind_wind\demos\helloworld\index.php(24): a()
#1 {main}
系统运行时间:0.0094s
系统运行所耗内存:318.5156byte
系统堆栈情况:
[2010-11-09 09:16:11] E:\www\bbs\phpwind_wind\demos\helloworld\index.php (line:24) a()
'

【TRACE】This Log was recorded in E:\www\bbs\phpwind_wind\wind\WBase.php on line 286 [2010-11-09 09:16]
The Detail Message:'exception 'WException' with message 'ddddd' in E:\www\bbs\phpwind_wind\demos\helloworld\index.php:21
Stack trace:
#0 E:\www\bbs\phpwind_wind\demos\helloworld\index.php(24): a()
#1 {main}
系统运行时间:0.0117s
系统运行所耗内存:318.5156byte
系统堆栈情况:
[2010-11-09 09:16:11] E:\www\bbs\phpwind_wind\demos\helloworld\index.php (line:24) a()
'

【TRACE】This Log was recorded in E:\www\bbs\phpwind_wind\wind\WBase.php on line 286 [2010-11-09 09:16]
The Detail Message:'exception 'WException' with message 'ddddd' in E:\www\bbs\phpwind_wind\demos\helloworld\index.php:21
Stack trace:
#0 E:\www\bbs\phpwind_wind\demos\helloworld\index.php(24): a()
#1 {main}
系统运行时间:0.0122s
系统运行所耗内存:318.5156byte
系统堆栈情况:
[2010-11-09 09:16:11] E:\www\bbs\phpwind_wind\demos\helloworld\index.php (line:24) a()
'

【TRACE】This Log was recorded in E:\www\bbs\phpwind_wind\wind\WBase.php on line 286 [2010-11-09 09:16]
The Detail Message:'exception 'WException' with message 'ddddd' in E:\www\bbs\phpwind_wind\demos\helloworld\index.php:21
Stack trace:
#0 E:\www\bbs\phpwind_wind\demos\helloworld\index.php(24): a()
#1 {main}
系统运行时间:0.0136s
系统运行所耗内存:318.5156byte
系统堆栈情况:
[2010-11-09 09:16:11] E:\www\bbs\phpwind_wind\demos\helloworld\index.php (line:24) a()
'

【TRACE】This Log was recorded in E:\www\bbs\phpwind_wind\wind\WBase.php on line 286 [2010-11-09 09:16]
The Detail Message:'exception 'WException' with message 'ddddd' in E:\www\bbs\phpwind_wind\demos\helloworld\index.php:21
Stack trace:
#0 E:\www\bbs\phpwind_wind\demos\helloworld\index.php(24): a()
#1 {main}
系统运行时间:0.0134s
系统运行所耗内存:318.5156byte
系统堆栈情况:
[2010-11-09 09:16:11] E:\www\bbs\phpwind_wind\demos\helloworld\index.php (line:24) a()
'

【TRACE】This Log was recorded in E:\www\bbs\phpwind_wind\wind\WBase.php on line 286 [2010-11-09 09:16]
The Detail Message:'exception 'WException' with message 'ddddd' in E:\www\bbs\phpwind_wind\demos\helloworld\index.php:21
Stack trace:
#0 E:\www\bbs\phpwind_wind\demos\helloworld\index.php(24): a()
#1 {main}
系统运行时间:0.011s
系统运行所耗内存:318.5156byte
系统堆栈情况:
[2010-11-09 09:16:11] E:\www\bbs\phpwind_wind\demos\helloworld\index.php (line:24) a()
'

【TRACE】This Log was recorded in E:\www\bbs\phpwind_wind\wind\WBase.php on line 286 [2010-11-09 09:16]
The Detail Message:'exception 'WException' with message 'ddddd' in E:\www\bbs\phpwind_wind\demos\helloworld\index.php:21
Stack trace:
#0 E:\www\bbs\phpwind_wind\demos\helloworld\index.php(24): a()
#1 {main}
系统运行时间:0.0093s
系统运行所耗内存:318.5156byte
系统堆栈情况:
[2010-11-09 09:16:11] E:\www\bbs\phpwind_wind\demos\helloworld\index.php (line:24) a()
'

【TRACE】This Log was recorded in E:\www\bbs\phpwind_wind\wind\WBase.php on line 286 [2010-11-09 09:16]
The Detail Message:'exception 'WException' with message 'ddddd' in E:\www\bbs\phpwind_wind\demos\helloworld\index.php:21
Stack trace:
#0 E:\www\bbs\phpwind_wind\demos\helloworld\index.php(24): a()
#1 {main}
系统运行时间:0.011s
系统运行所耗内存:318.5156byte
系统堆栈情况:
[2010-11-09 09:16:11] E:\www\bbs\phpwind_wind\demos\helloworld\index.php (line:24) a()
'

【TRACE】This Log was recorded in E:\www\bbs\phpwind_wind\wind\WBase.php on line 286 [2010-11-09 09:16]
The Detail Message:'exception 'WException' with message 'ddddd' in E:\www\bbs\phpwind_wind\demos\helloworld\index.php:21
Stack trace:
#0 E:\www\bbs\phpwind_wind\demos\helloworld\index.php(24): a()
#1 {main}
系统运行时间:0.009s
系统运行所耗内存:318.5156byte
系统堆栈情况:
[2010-11-09 09:16:11] E:\www\bbs\phpwind_wind\demos\helloworld\index.php (line:24) a()
'

【TRACE】This Log was recorded in E:\www\bbs\phpwind_wind\wind\WBase.php on line 286 [2010-11-09 09:16]
The Detail Message:'exception 'WException' with message 'ddddd' in E:\www\bbs\phpwind_wind\demos\helloworld\index.php:21
Stack trace:
#0 E:\www\bbs\phpwind_wind\demos\helloworld\index.php(24): a()
#1 {main}
系统运行时间:0.011s
系统运行所耗内存:318.5156byte
系统堆栈情况:
[2010-11-09 09:16:11] E:\www\bbs\phpwind_wind\demos\helloworld\index.php (line:24) a()
'

【TRACE】This Log was recorded in E:\www\bbs\phpwind_wind\wind\WBase.php on line 286 [2010-11-09 09:16]
The Detail Message:'exception 'WException' with message 'ddddd' in E:\www\bbs\phpwind_wind\demos\helloworld\index.php:21
Stack trace:
#0 E:\www\bbs\phpwind_wind\demos\helloworld\index.php(24): a()
#1 {main}
系统运行时间:0.0108s
系统运行所耗内存:318.5156byte
系统堆栈情况:
[2010-11-09 09:16:11] E:\www\bbs\phpwind_wind\demos\helloworld\index.php (line:24) a()
'

【TRACE】This Log was recorded in E:\www\bbs\phpwind_wind\wind\WBase.php on line 286 [2010-11-09 09:16]
The Detail Message:'exception 'WException' with message 'ddddd' in E:\www\bbs\phpwind_wind\demos\helloworld\index.php:21
Stack trace:
#0 E:\www\bbs\phpwind_wind\demos\helloworld\index.php(24): a()
#1 {main}
系统运行时间:0.0091s
系统运行所耗内存:318.5156byte
系统堆栈情况:
[2010-11-09 09:16:11] E:\www\bbs\phpwind_wind\demos\helloworld\index.php (line:24) a()
'

【TRACE】This Log was recorded in E:\www\bbs\phpwind_wind\wind\WBase.php on line 286 [2010-11-09 09:16]
The Detail Message:'exception 'WException' with message 'ddddd' in E:\www\bbs\phpwind_wind\demos\helloworld\index.php:21
Stack trace:
#0 E:\www\bbs\phpwind_wind\demos\helloworld\index.php(24): a()
#1 {main}
系统运行时间:0.0119s
系统运行所耗内存:318.5156byte
系统堆栈情况:
[2010-11-09 09:16:11] E:\www\bbs\phpwind_wind\demos\helloworld\index.php (line:24) a()
'

【TRACE】This Log was recorded in E:\www\bbs\phpwind_wind\wind\WBase.php on line 286 [2010-11-09 09:16]
The Detail Message:'exception 'WException' with message 'ddddd' in E:\www\bbs\phpwind_wind\demos\helloworld\index.php:21
Stack trace:
#0 E:\www\bbs\phpwind_wind\demos\helloworld\index.php(24): a()
#1 {main}
系统运行时间:0.0089s
系统运行所耗内存:318.5156byte
系统堆栈情况:
[2010-11-09 09:16:11] E:\www\bbs\phpwind_wind\demos\helloworld\index.php (line:24) a()
'

【TRACE】This Log was recorded in E:\www\bbs\phpwind_wind\wind\WBase.php on line 286 [2010-11-09 09:16]
The Detail Message:'exception 'WException' with message 'ddddd' in E:\www\bbs\phpwind_wind\demos\helloworld\index.php:21
Stack trace:
#0 E:\www\bbs\phpwind_wind\demos\helloworld\index.php(24): a()
#1 {main}
系统运行时间:0.0129s
系统运行所耗内存:318.5156byte
系统堆栈情况:
[2010-11-09 09:16:11] E:\www\bbs\phpwind_wind\demos\helloworld\index.php (line:24) a()
'

【TRACE】This Log was recorded in E:\www\bbs\phpwind_wind\wind\WBase.php on line 286 [2010-11-09 09:16]
The Detail Message:'exception 'WException' with message 'ddddd' in E:\www\bbs\phpwind_wind\demos\helloworld\index.php:21
Stack trace:
#0 E:\www\bbs\phpwind_wind\demos\helloworld\index.php(24): a()
#1 {main}
系统运行时间:0.0111s
系统运行所耗内存:318.5156byte
系统堆栈情况:
[2010-11-09 09:16:11] E:\www\bbs\phpwind_wind\demos\helloworld\index.php (line:24) a()
'

【TRACE】This Log was recorded in E:\www\bbs\phpwind_wind\wind\WBase.php on line 286 [2010-11-09 09:16]
The Detail Message:'exception 'WException' with message 'ddddd' in E:\www\bbs\phpwind_wind\demos\helloworld\index.php:21
Stack trace:
#0 E:\www\bbs\phpwind_wind\demos\helloworld\index.php(24): a()
#1 {main}
系统运行时间:0.0091s
系统运行所耗内存:318.5156byte
系统堆栈情况:
[2010-11-09 09:16:11] E:\www\bbs\phpwind_wind\demos\helloworld\index.php (line:24) a()
'

【TRACE】This Log was recorded in E:\www\bbs\phpwind_wind\wind\WBase.php on line 286 [2010-11-09 09:16]
The Detail Message:'exception 'WException' with message 'ddddd' in E:\www\bbs\phpwind_wind\demos\helloworld\index.php:21
Stack trace:
#0 E:\www\bbs\phpwind_wind\demos\helloworld\index.php(24): a()
#1 {main}
系统运行时间:0.0109s
系统运行所耗内存:318.5156byte
系统堆栈情况:
[2010-11-09 09:16:11] E:\www\bbs\phpwind_wind\demos\helloworld\index.php (line:24) a()
'

【TRACE】This Log was recorded in E:\www\bbs\phpwind_wind\wind\WBase.php on line 286 [2010-11-09 09:16]
The Detail Message:'exception 'WException' with message 'ddddd' in E:\www\bbs\phpwind_wind\demos\helloworld\index.php:21
Stack trace:
#0 E:\www\bbs\phpwind_wind\demos\helloworld\index.php(24): a()
#1 {main}
系统运行时间:0.0087s
系统运行所耗内存:318.5156byte
系统堆栈情况:
[2010-11-09 09:16:11] E:\www\bbs\phpwind_wind\demos\helloworld\index.php (line:24) a()
'

【TRACE】This Log was recorded in E:\www\bbs\phpwind_wind\wind\WBase.php on line 286 [2010-11-09 09:16]
The Detail Message:'exception 'WException' with message 'ddddd' in E:\www\bbs\phpwind_wind\demos\helloworld\index.php:21
Stack trace:
#0 E:\www\bbs\phpwind_wind\demos\helloworld\index.php(24): a()
#1 {main}
系统运行时间:0.0101s
系统运行所耗内存:318.5156byte
系统堆栈情况:
[2010-11-09 09:16:11] E:\www\bbs\phpwind_wind\demos\helloworld\index.php (line:24) a()
'

【TRACE】This Log was recorded in E:\www\bbs\phpwind_wind\wind\WBase.php on line 286 [2010-11-09 09:16]
The Detail Message:'exception 'WException' with message 'ddddd' in E:\www\bbs\phpwind_wind\demos\helloworld\index.php:21
Stack trace:
#0 E:\www\bbs\phpwind_wind\demos\helloworld\index.php(24): a()
#1 {main}
系统运行时间:0.0112s
系统运行所耗内存:318.5156byte
系统堆栈情况:
[2010-11-09 09:16:11] E:\www\bbs\phpwind_wind\demos\helloworld\index.php (line:24) a()
'

【TRACE】This Log was recorded in E:\www\bbs\phpwind_wind\wind\WBase.php on line 286 [2010-11-09 09:16]
The Detail Message:'exception 'WException' with message 'ddddd' in E:\www\bbs\phpwind_wind\demos\helloworld\index.php:21
Stack trace:
#0 E:\www\bbs\phpwind_wind\demos\helloworld\index.php(24): a()
#1 {main}
系统运行时间:0.0099s
系统运行所耗内存:318.5156byte
系统堆栈情况:
[2010-11-09 09:16:11] E:\www\bbs\phpwind_wind\demos\helloworld\index.php (line:24) a()
'

【TRACE】This Log was recorded in E:\www\bbs\phpwind_wind\wind\WBase.php on line 286 [2010-11-09 09:16]
The Detail Message:'exception 'WException' with message 'ddddd' in E:\www\bbs\phpwind_wind\demos\helloworld\index.php:21
Stack trace:
#0 E:\www\bbs\phpwind_wind\demos\helloworld\index.php(24): a()
#1 {main}
系统运行时间:0.0136s
系统运行所耗内存:318.5156byte
系统堆栈情况:
[2010-11-09 09:16:11] E:\www\bbs\phpwind_wind\demos\helloworld\index.php (line:24) a()
'

【TRACE】This Log was recorded in E:\www\bbs\phpwind_wind\wind\WBase.php on line 286 [2010-11-09 09:16]
The Detail Message:'exception 'WException' with message 'ddddd' in E:\www\bbs\phpwind_wind\demos\helloworld\index.php:21
Stack trace:
#0 E:\www\bbs\phpwind_wind\demos\helloworld\index.php(24): a()
#1 {main}
系统运行时间:0.0113s
系统运行所耗内存:318.5156byte
系统堆栈情况:
[2010-11-09 09:16:11] E:\www\bbs\phpwind_wind\demos\helloworld\index.php (line:24) a()
'

【TRACE】This Log was recorded in E:\www\bbs\phpwind_wind\wind\WBase.php on line 286 [2010-11-09 09:16]
The Detail Message:'exception 'WException' with message 'ddddd' in E:\www\bbs\phpwind_wind\demos\helloworld\index.php:21
Stack trace:
#0 E:\www\bbs\phpwind_wind\demos\helloworld\index.php(24): a()
#1 {main}
系统运行时间:0.019s
系统运行所耗内存:318.5156byte
系统堆栈情况:
[2010-11-09 09:16:11] E:\www\bbs\phpwind_wind\demos\helloworld\index.php (line:24) a()
'

【TRACE】This Log was recorded in E:\www\bbs\phpwind_wind\wind\WBase.php on line 286 [2010-11-09 09:16]
The Detail Message:'exception 'WException' with message 'ddddd' in E:\www\bbs\phpwind_wind\demos\helloworld\index.php:21
Stack trace:
#0 E:\www\bbs\phpwind_wind\demos\helloworld\index.php(24): a()
#1 {main}
系统运行时间:0.0376s
系统运行所耗内存:318.5156byte
系统堆栈情况:
[2010-11-09 09:16:11] E:\www\bbs\phpwind_wind\demos\helloworld\index.php (line:24) a()
'

